<?xml version="1.0" encoding="UTF-8"?>
<testng-results skipped="0" failed="1" ignored="0" total="1" passed="0">
  <reporter-output>
  </reporter-output>
  <suite name="Default suite" duration-ms="69857" started-at="2018-02-17T06:34:15Z" finished-at="2018-02-17T06:35:25Z">
    <groups>
    </groups>
    <test name="Default test" duration-ms="69857" started-at="2018-02-17T06:34:15Z" finished-at="2018-02-17T06:35:25Z">
      <class name="com.sharpsoftware.test.regression.TestLoginUS016">
        <test-method status="PASS" signature="preTest()[pri:0, instance:com.sharpsoftware.test.regression.TestLoginUS016@47c62251]" name="preTest" is-config="true" duration-ms="49143" started-at="2018-02-16T22:34:15Z" finished-at="2018-02-16T22:35:04Z">
          <reporter-output>
          </reporter-output>
        </test-method> <!-- preTest -->
        <test-method status="FAIL" signature="testLoginValidTC118()[pri:0, instance:com.sharpsoftware.test.regression.TestLoginUS016@47c62251]" name="testLoginValidTC118" duration-ms="20427" started-at="2018-02-16T22:35:04Z" finished-at="2018-02-16T22:35:24Z">
          <exception class="org.openqa.selenium.TimeoutException">
            <message>
              <![CDATA[Timed out after 20 seconds waiting for visibility of all elements located by By.name: LoginFormBuild info: version: '2.53.0', revision: '35ae25b', time: '2016-03-15 16:57:40'System info: host: 'ashish-pc', ip: '192.168.43.113', os.name: 'Windows 8', os.arch: 'amd64', os.version: '6.2', java.version: '1.8.0_161'Driver info: org.openqa.selenium.firefox.FirefoxDriverCapabilities [{applicationCacheEnabled=true, rotatable=false, handlesAlerts=true, databaseEnabled=true, version=45.0, platform=WINDOWS, nativeEvents=false, acceptSslCerts=true, webStorageEnabled=true, locationContextEnabled=true, browserName=firefox, takesScreenshot=true, javascriptEnabled=true, cssSelectorsEnabled=true}]Session ID: ee142104-8743-4fb7-8d5c-5e1b9f8dbe54]]>
            </message>
            <full-stacktrace>
              <![CDATA[org.openqa.selenium.TimeoutException: Timed out after 20 seconds waiting for visibility of all elements located by By.name: LoginFormBuild info: version: '2.53.0', revision: '35ae25b', time: '2016-03-15 16:57:40'System info: host: 'ashish-pc', ip: '192.168.43.113', os.name: 'Windows 8', os.arch: 'amd64', os.version: '6.2', java.version: '1.8.0_161'Driver info: org.openqa.selenium.firefox.FirefoxDriverCapabilities [{applicationCacheEnabled=true, rotatable=false, handlesAlerts=true, databaseEnabled=true, version=45.0, platform=WINDOWS, nativeEvents=false, acceptSslCerts=true, webStorageEnabled=true, locationContextEnabled=true, browserName=firefox, takesScreenshot=true, javascriptEnabled=true, cssSelectorsEnabled=true}]Session ID: ee142104-8743-4fb7-8d5c-5e1b9f8dbe54at org.openqa.selenium.support.ui.WebDriverWait.timeoutException(WebDriverWait.java:80)at org.openqa.selenium.support.ui.FluentWait.until(FluentWait.java:261)at com.sharpsoftware.ui.LoginPage.waitforLoginPage(LoginPage.java:20)at com.sharpsoftware.test.regression.TestLoginUS016.testLoginValidTC118(TestLoginUS016.java:30)at sun.reflect.NativeMethodAccessorImpl.invoke0(Native Method)at sun.reflect.NativeMethodAccessorImpl.invoke(Unknown Source)at sun.reflect.DelegatingMethodAccessorImpl.invoke(Unknown Source)at java.lang.reflect.Method.invoke(Unknown Source)at org.testng.internal.MethodInvocationHelper.invokeMethod(MethodInvocationHelper.java:124)at org.testng.internal.Invoker.invokeMethod(Invoker.java:571)at org.testng.internal.Invoker.invokeTestMethod(Invoker.java:707)at org.testng.internal.Invoker.invokeTestMethods(Invoker.java:979)at org.testng.internal.TestMethodWorker.invokeTestMethods(TestMethodWorker.java:125)at org.testng.internal.TestMethodWorker.run(TestMethodWorker.java:109)at org.testng.TestRunner.privateRun(TestRunner.java:648)at org.testng.TestRunner.run(TestRunner.java:505)at org.testng.SuiteRunner.runTest(SuiteRunner.java:455)at org.testng.SuiteRunner.runSequentially(SuiteRunner.java:450)at org.testng.SuiteRunner.privateRun(SuiteRunner.java:415)at org.testng.SuiteRunner.run(SuiteRunner.java:364)at org.testng.SuiteRunnerWorker.runSuite(SuiteRunnerWorker.java:52)at org.testng.SuiteRunnerWorker.run(SuiteRunnerWorker.java:84)at org.testng.TestNG.runSuitesSequentially(TestNG.java:1187)at org.testng.TestNG.runSuitesLocally(TestNG.java:1116)at org.testng.TestNG.runSuites(TestNG.java:1028)at org.testng.TestNG.run(TestNG.java:996)at org.testng.remote.AbstractRemoteTestNG.run(AbstractRemoteTestNG.java:114)at org.testng.remote.RemoteTestNG.initAndRun(RemoteTestNG.java:251)at org.testng.remote.RemoteTestNG.main(RemoteTestNG.java:77)]]>
            </full-stacktrace>
          </exception> <!-- org.openqa.selenium.TimeoutException -->
          <reporter-output>
          </reporter-output>
        </test-method> <!-- testLoginValidTC118 -->
        <test-method status="PASS" signature="postTest()[pri:0, instance:com.sharpsoftware.test.regression.TestLoginUS016@47c62251]" name="postTest" is-config="true" duration-ms="107" started-at="2018-02-16T22:35:24Z" finished-at="2018-02-16T22:35:25Z">
          <reporter-output>
          </reporter-output>
        </test-method> <!-- postTest -->
      </class> <!-- com.sharpsoftware.test.regression.TestLoginUS016 -->
    </test> <!-- Default test -->
  </suite> <!-- Default suite -->
</testng-results>
